#
# There is insufficient memory for the Java Runtime Environment to continue.
# Native memory allocation (malloc) failed to allocate 90096 bytes for Chunk::new
# Possible reasons:
#   The system is out of physical RAM or swap space
#   The process is running with CompressedOops enabled, and the Java Heap may be blocking the growth of the native heap
# Possible solutions:
#   Reduce memory load on the system
#   Increase physical memory or swap space
#   Check if swap backing store is full
#   Decrease Java heap size (-Xmx/-Xms)
#   Decrease number of Java threads
#   Decrease Java thread stack sizes (-Xss)
#   Set larger code cache with -XX:ReservedCodeCacheSize=
#   JVM is running with Unscaled Compressed Oops mode in which the Java heap is
#     placed in the first 4GB address space. The Java Heap base address is the
#     maximum limit for the native heap growth. Please use -XX:HeapBaseMinAddress
#     to set the Java Heap base and to place the Java Heap above 4GB virtual address.
# This output file may be truncated or incomplete.
#
#  Out of Memory Error (./src/hotspot/share/memory/arena.cpp:197), pid=14432, tid=2788
#
# JRE version: OpenJDK Runtime Environment (11.0.12+7) (build 11.0.12+7-b1504.28-7817840)
# Java VM: OpenJDK 64-Bit Server VM (11.0.12+7-b1504.28-7817840, mixed mode, tiered, compressed oops, g1 gc, windows-amd64)
# No core dump will be written. Minidumps are not enabled by default on client versions of Windows
#

---------------  S U M M A R Y ------------

Command Line: -Dorg.gradle.appname=gradlew org.gradle.wrapper.GradleWrapperMain -q -Ptarget-platform=android-arm64 -Ptarget=C:\src\awesome_app\lib\main.dart -Pbase-application-name=android.app.Application -Pdart-defines=RkxVVFRFUl9XRUJfQVVUT19ERVRFQ1Q9dHJ1ZQ== -Pdart-obfuscation=false -Ptrack-widget-creation=true -Ptree-shake-icons=false -Pfilesystem-scheme=org-dartlang-root assembleDebug

Host: AMD Ryzen 3 3200U with Radeon Vega Mobile Gfx  , 4 cores, 3G,  Windows 10 , 64 bit Build 19041 (10.0.19041.1741)
Time: Sun Jul 17 16:07:55 2022 India Standard Time elapsed time: 3.555772 seconds (0d 0h 0m 3s)

---------------  T H R E A D  ---------------

Current thread (0x000001fbcecf2000):  JavaThread "C2 CompilerThread0" daemon [_thread_in_native, id=2788, stack(0x000000487e500000,0x000000487e600000)]


Current CompileTask:
C2:   3555  363 %     4       java.lang.StringLatin1::toLowerCase @ 114 (180 bytes)

Stack: [0x000000487e500000,0x000000487e600000]
Native frames: (J=compiled Java code, j=interpreted, Vv=VM code, C=native code)
V  [jvm.dll+0x5fbcea]
V  [jvm.dll+0x731905]
V  [jvm.dll+0x732f1d]
V  [jvm.dll+0x7335d3]
V  [jvm.dll+0x247bf8]
V  [jvm.dll+0xc018c]
V  [jvm.dll+0xc06cc]
V  [jvm.dll+0x35b31d]
V  [jvm.dll+0x328803]
V  [jvm.dll+0x327cfa]
V  [jvm.dll+0x200602]
V  [jvm.dll+0x1ff794]
V  [jvm.dll+0x18868c]
V  [jvm.dll+0x20e0d7]
V  [jvm.dll+0x20c901]
V  [jvm.dll+0x6f9b7f]
V  [jvm.dll+0x6f26a5]
V  [jvm.dll+0x5fabf6]
C  [ucrtbase.dll+0x21bb2]
C  [KERNEL32.DLL+0x17034]
C  [ntdll.dll+0x52651]


---------------  P R O C E S S  ---------------

Threads class SMR info:
_java_thread_list=0x000001fbcef95d00, length=10, elements={
0x000001fbb73ff000, 0x000001fbcec63000, 0x000001fbcec8f800, 0x000001fbceca3000,
0x000001fbceca7000, 0x000001fbcecee800, 0x000001fbcecf2000, 0x000001fbcecf3000,
0x000001fbcecfe800, 0x000001fbcef9e800
}

Java Threads: ( => current thread )
  0x000001fbb73ff000 JavaThread "main" [_thread_in_native, id=3948, stack(0x000000487d800000,0x000000487d900000)]
  0x000001fbcec63000 JavaThread "Reference Handler" daemon [_thread_blocked, id=4832, stack(0x000000487df00000,0x000000487e000000)]
  0x000001fbcec8f800 JavaThread "Finalizer" daemon [_thread_blocked, id=8424, stack(0x000000487e000000,0x000000487e100000)]
  0x000001fbceca3000 JavaThread "Signal Dispatcher" daemon [_thread_blocked, id=7300, stack(0x000000487e200000,0x000000487e300000)]
  0x000001fbceca7000 JavaThread "Attach Listener" daemon [_thread_blocked, id=7048, stack(0x000000487e300000,0x000000487e400000)]
  0x000001fbcecee800 JavaThread "Service Thread" daemon [_thread_blocked, id=14732, stack(0x000000487e400000,0x000000487e500000)]
=>0x000001fbcecf2000 JavaThread "C2 CompilerThread0" daemon [_thread_in_native, id=2788, stack(0x000000487e500000,0x000000487e600000)]
  0x000001fbcecf3000 JavaThread "C1 CompilerThread0" daemon [_thread_blocked, id=13300, stack(0x000000487e600000,0x000000487e700000)]
  0x000001fbcecfe800 JavaThread "Sweeper thread" daemon [_thread_blocked, id=10380, stack(0x000000487e700000,0x000000487e800000)]
  0x000001fbcef9e800 JavaThread "Common-Cleaner" daemon [_thread_blocked, id=4076, stack(0x000000487e900000,0x000000487ea00000)]

Other Threads:
  0x000001fbcec5f800 VMThread "VM Thread" [stack: 0x000000487de00000,0x000000487df00000] [id=12880]
  0x000001fbcef9e000 WatcherThread [stack: 0x000000487e800000,0x000000487e900000] [id=1980]
  0x000001fbb7416800 GCTaskThread "GC Thread#0" [stack: 0x000000487d900000,0x000000487da00000] [id=4156]
  0x000001fbb742d800 ConcurrentGCThread "G1 Main Marker" [stack: 0x000000487da00000,0x000000487db00000] [id=8076]
  0x000001fbb7431000 ConcurrentGCThread "G1 Conc#0" [stack: 0x000000487db00000,0x000000487dc00000] [id=3616]
  0x000001fbb7473000 ConcurrentGCThread "G1 Refine#0" [stack: 0x000000487dc00000,0x000000487dd00000] [id=9944]
  0x000001fbb7474000 ConcurrentGCThread "G1 Young RemSet Sampling" [stack: 0x000000487dd00000,0x000000487de00000] [id=1692]

Threads with active compile tasks:
C2 CompilerThread0   3776  363 %     4       java.lang.StringLatin1::toLowerCase @ 114 (180 bytes)

VM state:not at safepoint (normal execution)

VM Mutex/Monitor currently owned by a thread: None

Heap address: 0x00000000c8c00000, size: 884 MB, Compressed Oops mode: 32-bit
Narrow klass base: 0x0000000000000000, Narrow klass shift: 3
Compressed class space size: 1073741824 Address: 0x0000000100000000

Heap:
 garbage-first heap   total 57344K, used 6144K [0x00000000c8c00000, 0x0000000100000000)
  region size 1024K, 7 young (7168K), 0 survivors (0K)
 Metaspace       used 7365K, capacity 7513K, committed 7680K, reserved 1056768K
  class space    used 657K, capacity 714K, committed 768K, reserved 1048576K
Heap Regions: E=young(eden), S=young(survivor), O=old, HS=humongous(starts), HC=humongous(continues), CS=collection set, F=free, A=archive, TAMS=top-at-mark-start (previous, next)
|   0|0x00000000c8c00000, 0x00000000c8c00000, 0x00000000c8d00000|  0%| F|  |TAMS 0x00000000c8c00000, 0x00000000c8c00000| Untracked 
|   1|0x00000000c8d00000, 0x00000000c8d00000, 0x00000000c8e00000|  0%| F|  |TAMS 0x00000000c8d00000, 0x00000000c8d00000| Untracked 
|   2|0x00000000c8e00000, 0x00000000c8e00000, 0x00000000c8f00000|  0%| F|  |TAMS 0x00000000c8e00000, 0x00000000c8e00000| Untracked 
|   3|0x00000000c8f00000, 0x00000000c8f00000, 0x00000000c9000000|  0%| F|  |TAMS 0x00000000c8f00000, 0x00000000c8f00000| Untracked 
|   4|0x00000000c9000000, 0x00000000c9000000, 0x00000000c9100000|  0%| F|  |TAMS 0x00000000c9000000, 0x00000000c9000000| Untracked 
|   5|0x00000000c9100000, 0x00000000c9100000, 0x00000000c9200000|  0%| F|  |TAMS 0x00000000c9100000, 0x00000000c9100000| Untracked 
|   6|0x00000000c9200000, 0x00000000c9200000, 0x00000000c9300000|  0%| F|  |TAMS 0x00000000c9200000, 0x00000000c9200000| Untracked 
|   7|0x00000000c9300000, 0x00000000c9300000, 0x00000000c9400000|  0%| F|  |TAMS 0x00000000c9300000, 0x00000000c9300000| Untracked 
|   8|0x00000000c9400000, 0x00000000c9400000, 0x00000000c9500000|  0%| F|  |TAMS 0x00000000c9400000, 0x00000000c9400000| Untracked 
|   9|0x00000000c9500000, 0x00000000c9500000, 0x00000000c9600000|  0%| F|  |TAMS 0x00000000c9500000, 0x00000000c9500000| Untracked 
|  10|0x00000000c9600000, 0x00000000c9600000, 0x00000000c9700000|  0%| F|  |TAMS 0x00000000c9600000, 0x00000000c9600000| Untracked 
|  11|0x00000000c9700000, 0x00000000c9700000, 0x00000000c9800000|  0%| F|  |TAMS 0x00000000c9700000, 0x00000000c9700000| Untracked 
|  12|0x00000000c9800000, 0x00000000c9800000, 0x00000000c9900000|  0%| F|  |TAMS 0x00000000c9800000, 0x00000000c9800000| Untracked 
|  13|0x00000000c9900000, 0x00000000c9900000, 0x00000000c9a00000|  0%| F|  |TAMS 0x00000000c9900000, 0x00000000c9900000| Untracked 
|  14|0x00000000c9a00000, 0x00000000c9a00000, 0x00000000c9b00000|  0%| F|  |TAMS 0x00000000c9a00000, 0x00000000c9a00000| Untracked 
|  15|0x00000000c9b00000, 0x00000000c9b00000, 0x00000000c9c00000|  0%| F|  |TAMS 0x00000000c9b00000, 0x00000000c9b00000| Untracked 
|  16|0x00000000c9c00000, 0x00000000c9c00000, 0x00000000c9d00000|  0%| F|  |TAMS 0x00000000c9c00000, 0x00000000c9c00000| Untracked 
|  17|0x00000000c9d00000, 0x00000000c9d00000, 0x00000000c9e00000|  0%| F|  |TAMS 0x00000000c9d00000, 0x00000000c9d00000| Untracked 
|  18|0x00000000c9e00000, 0x00000000c9e00000, 0x00000000c9f00000|  0%| F|  |TAMS 0x00000000c9e00000, 0x00000000c9e00000| Untracked 
|  19|0x00000000c9f00000, 0x00000000c9f00000, 0x00000000ca000000|  0%| F|  |TAMS 0x00000000c9f00000, 0x00000000c9f00000| Untracked 
|  20|0x00000000ca000000, 0x00000000ca000000, 0x00000000ca100000|  0%| F|  |TAMS 0x00000000ca000000, 0x00000000ca000000| Untracked 
|  21|0x00000000ca100000, 0x00000000ca100000, 0x00000000ca200000|  0%| F|  |TAMS 0x00000000ca100000, 0x00000000ca100000| Untracked 
|  22|0x00000000ca200000, 0x00000000ca200000, 0x00000000ca300000|  0%| F|  |TAMS 0x00000000ca200000, 0x00000000ca200000| Untracked 
|  23|0x00000000ca300000, 0x00000000ca300000, 0x00000000ca400000|  0%| F|  |TAMS 0x00000000ca300000, 0x00000000ca300000| Untracked 
|  24|0x00000000ca400000, 0x00000000ca400000, 0x00000000ca500000|  0%| F|  |TAMS 0x00000000ca400000, 0x00000000ca400000| Untracked 
|  25|0x00000000ca500000, 0x00000000ca500000, 0x00000000ca600000|  0%| F|  |TAMS 0x00000000ca500000, 0x00000000ca500000| Untracked 
|  26|0x00000000ca600000, 0x00000000ca600000, 0x00000000ca700000|  0%| F|  |TAMS 0x00000000ca600000, 0x00000000ca600000| Untracked 
|  27|0x00000000ca700000, 0x00000000ca700000, 0x00000000ca800000|  0%| F|  |TAMS 0x00000000ca700000, 0x00000000ca700000| Untracked 
|  28|0x00000000ca800000, 0x00000000ca800000, 0x00000000ca900000|  0%| F|  |TAMS 0x00000000ca800000, 0x00000000ca800000| Untracked 
|  29|0x00000000ca900000, 0x00000000ca900000, 0x00000000caa00000|  0%| F|  |TAMS 0x00000000ca900000, 0x00000000ca900000| Untracked 
|  30|0x00000000caa00000, 0x00000000caa00000, 0x00000000cab00000|  0%| F|  |TAMS 0x00000000caa00000, 0x00000000caa00000| Untracked 
|  31|0x00000000cab00000, 0x00000000cab00000, 0x00000000cac00000|  0%| F|  |TAMS 0x00000000cab00000, 0x00000000cab00000| Untracked 
|  32|0x00000000cac00000, 0x00000000cac00000, 0x00000000cad00000|  0%| F|  |TAMS 0x00000000cac00000, 0x00000000cac00000| Untracked 
|  33|0x00000000cad00000, 0x00000000cad00000, 0x00000000cae00000|  0%| F|  |TAMS 0x00000000cad00000, 0x00000000cad00000| Untracked 
|  34|0x00000000cae00000, 0x00000000cae00000, 0x00000000caf00000|  0%| F|  |TAMS 0x00000000cae00000, 0x00000000cae00000| Untracked 
|  35|0x00000000caf00000, 0x00000000caf00000, 0x00000000cb000000|  0%| F|  |TAMS 0x00000000caf00000, 0x00000000caf00000| Untracked 
|  36|0x00000000cb000000, 0x00000000cb000000, 0x00000000cb100000|  0%| F|  |TAMS 0x00000000cb000000, 0x00000000cb000000| Untracked 
|  37|0x00000000cb100000, 0x00000000cb100000, 0x00000000cb200000|  0%| F|  |TAMS 0x00000000cb100000, 0x00000000cb100000| Untracked 
|  38|0x00000000cb200000, 0x00000000cb200000, 0x00000000cb300000|  0%| F|  |TAMS 0x00000000cb200000, 0x00000000cb200000| Untracked 
|  39|0x00000000cb300000, 0x00000000cb300000, 0x00000000cb400000|  0%| F|  |TAMS 0x00000000cb300000, 0x00000000cb300000| Untracked 
|  40|0x00000000cb400000, 0x00000000cb400000, 0x00000000cb500000|  0%| F|  |TAMS 0x00000000cb400000, 0x00000000cb400000| Untracked 
|  41|0x00000000cb500000, 0x00000000cb500000, 0x00000000cb600000|  0%| F|  |TAMS 0x00000000cb500000, 0x00000000cb500000| Untracked 
|  42|0x00000000cb600000, 0x00000000cb600000, 0x00000000cb700000|  0%| F|  |TAMS 0x00000000cb600000, 0x00000000cb600000| Untracked 
|  43|0x00000000cb700000, 0x00000000cb700000, 0x00000000cb800000|  0%| F|  |TAMS 0x00000000cb700000, 0x00000000cb700000| Untracked 
|  44|0x00000000cb800000, 0x00000000cb800000, 0x00000000cb900000|  0%| F|  |TAMS 0x00000000cb800000, 0x00000000cb800000| Untracked 
|  45|0x00000000cb900000, 0x00000000cb900000, 0x00000000cba00000|  0%| F|  |TAMS 0x00000000cb900000, 0x00000000cb900000| Untracked 
|  46|0x00000000cba00000, 0x00000000cba00000, 0x00000000cbb00000|  0%| F|  |TAMS 0x00000000cba00000, 0x00000000cba00000| Untracked 
|  47|0x00000000cbb00000, 0x00000000cbb00000, 0x00000000cbc00000|  0%| F|  |TAMS 0x00000000cbb00000, 0x00000000cbb00000| Untracked 
|  48|0x00000000cbc00000, 0x00000000cbc00000, 0x00000000cbd00000|  0%| F|  |TAMS 0x00000000cbc00000, 0x00000000cbc00000| Untracked 
|  49|0x00000000cbd00000, 0x00000000cbe00000, 0x00000000cbe00000|100%| E|  |TAMS 0x00000000cbd00000, 0x00000000cbd00000| Complete 
|  50|0x00000000cbe00000, 0x00000000cbf00000, 0x00000000cbf00000|100%| E|CS|TAMS 0x00000000cbe00000, 0x00000000cbe00000| Complete 
|  51|0x00000000cbf00000, 0x00000000cc000000, 0x00000000cc000000|100%| E|CS|TAMS 0x00000000cbf00000, 0x00000000cbf00000| Complete 
|  52|0x00000000cc000000, 0x00000000cc100000, 0x00000000cc100000|100%| E|CS|TAMS 0x00000000cc000000, 0x00000000cc000000| Complete 
|  53|0x00000000cc100000, 0x00000000cc200000, 0x00000000cc200000|100%| E|CS|TAMS 0x00000000cc100000, 0x00000000cc100000| Complete 
|  54|0x00000000cc200000, 0x00000000cc300000, 0x00000000cc300000|100%| E|CS|TAMS 0x00000000cc200000, 0x00000000cc200000| Complete 
|  55|0x00000000cc300000, 0x00000000cc400000, 0x00000000cc400000|100%| E|CS|TAMS 0x00000000cc300000, 0x00000000cc300000| Complete 

Card table byte_map: [0x000001fbca0d0000,0x000001fbca290000] _byte_map_base: 0x000001fbc9a8a000

Marking Bits (Prev, Next): (CMBitMap*) 0x000001fbb7429488, (CMBitMap*) 0x000001fbb74294c0
 Prev Bits: [0x000001fbca450000, 0x000001fbcb220000)
 Next Bits: [0x000001fbcb220000, 0x000001fbcbff0000)

Polling page: 0x000001fbb6be0000

Metaspace:

Usage:
  Non-class:      6.64 MB capacity,     6.55 MB ( 99%) used,    85.43 KB (  1%) free+waste,     5.31 KB ( <1%) overhead. 
      Class:    714.00 KB capacity,   657.24 KB ( 92%) used,    54.26 KB (  8%) free+waste,     2.50 KB ( <1%) overhead. 
       Both:      7.34 MB capacity,     7.19 MB ( 98%) used,   139.69 KB (  2%) free+waste,     7.81 KB ( <1%) overhead. 

Virtual space:
  Non-class space:        8.00 MB reserved,       6.75 MB ( 84%) committed 
      Class space:        1.00 GB reserved,     768.00 KB ( <1%) committed 
             Both:        1.01 GB reserved,       7.50 MB ( <1%) committed 

Chunk freelists:
   Non-Class:  49.00 KB
       Class:  22.00 KB
        Both:  71.00 KB

MaxMetaspaceSize: 17179869184.00 GB
CompressedClassSpaceSize: 1.00 GB
Initial GC threshold: 20.80 MB
Current GC threshold: 20.80 MB
CDS: off

CodeHeap 'non-profiled nmethods': size=120064Kb used=105Kb max_used=105Kb free=119959Kb
 bounds [0x000001fbc29d0000, 0x000001fbc2c40000, 0x000001fbc9f10000]
CodeHeap 'profiled nmethods': size=120000Kb used=560Kb max_used=560Kb free=119439Kb
 bounds [0x000001fbbb4a0000, 0x000001fbbb710000, 0x000001fbc29d0000]
CodeHeap 'non-nmethods': size=5696Kb used=1113Kb max_used=1126Kb free=4582Kb
 bounds [0x000001fbbaf10000, 0x000001fbbb180000, 0x000001fbbb4a0000]
 total_blobs=748 nmethods=392 adapters=269
 compilation: enabled
              stopped_count=0, restarted_count=0
 full_count=0

Compilation events (20 events):
Event: 3.521 Thread 0x000001fbcecf3000 nmethod 357 0x000001fbbb518410 code [0x000001fbbb518600, 0x000001fbbb518a28]
Event: 3.521 Thread 0x000001fbcecf3000  358       3       java.util.ArrayList::iterator (9 bytes)
Event: 3.521 Thread 0x000001fbcecf3000 nmethod 358 0x000001fbbb518b90 code [0x000001fbbb518d60, 0x000001fbbb518fd8]
Event: 3.521 Thread 0x000001fbcecf3000  359       3       java.util.ArrayList$Itr::<init> (26 bytes)
Event: 3.522 Thread 0x000001fbcecf3000 nmethod 359 0x000001fbbb519110 code [0x000001fbbb5192c0, 0x000001fbbb519498]
Event: 3.523 Thread 0x000001fbcecf3000  360       3       java.util.LinkedHashMap::newNode (23 bytes)
Event: 3.523 Thread 0x000001fbcecf2000  363 %     4       java.lang.StringLatin1::toLowerCase @ 114 (180 bytes)
Event: 3.523 Thread 0x000001fbcecf3000 nmethod 360 0x000001fbbb519590 code [0x000001fbbb519780, 0x000001fbbb519d58]
Event: 3.523 Thread 0x000001fbcecf3000  362       3       java.util.LinkedHashMap$LinkedHashIterator::hasNext (13 bytes)
Event: 3.523 Thread 0x000001fbcecf3000 nmethod 362 0x000001fbbb519f10 code [0x000001fbbb51a0c0, 0x000001fbbb51a218]
Event: 3.523 Thread 0x000001fbcecf3000  361       3       java.util.LinkedHashMap$Entry::<init> (10 bytes)
Event: 3.523 Thread 0x000001fbcecf3000 nmethod 361 0x000001fbbb51a290 code [0x000001fbbb51a460, 0x000001fbbb51a738]
Event: 3.523 Thread 0x000001fbcecf3000  364       3       java.util.LinkedHashMap$LinkedKeyIterator::next (8 bytes)
Event: 3.524 Thread 0x000001fbcecf3000 nmethod 364 0x000001fbbb51a810 code [0x000001fbbb51a9c0, 0x000001fbbb51ab08]
Event: 3.524 Thread 0x000001fbcecf3000  365       3       java.util.regex.Pattern::unread (11 bytes)
Event: 3.524 Thread 0x000001fbcecf3000 nmethod 365 0x000001fbbb51ac10 code [0x000001fbbb51adc0, 0x000001fbbb51aeb8]
Event: 3.526 Thread 0x000001fbcecf3000  367       3       java.io.WinNTFileSystem::isLetter (30 bytes)
Event: 3.527 Thread 0x000001fbcecf3000 nmethod 367 0x000001fbbb51af90 code [0x000001fbbb51b140, 0x000001fbbb51b358]
Event: 3.527 Thread 0x000001fbcecf3000  368   !   3       java.util.zip.ZipFile::getEntry (73 bytes)
Event: 3.527 Thread 0x000001fbcecf3000 nmethod 368 0x000001fbbb51b410 code [0x000001fbbb51b620, 0x000001fbbb51bc68]

GC Heap History (0 events):
No events

Deoptimization events (20 events):
Event: 2.185 Thread 0x000001fbb73ff000 DEOPT PACKING pc=0x000001fbbb4eacbb sp=0x000000487d8f6d10
Event: 2.185 Thread 0x000001fbb73ff000 DEOPT UNPACKING pc=0x000001fbbaf5a95e sp=0x000000487d8f61e0 mode 0
Event: 2.185 Thread 0x000001fbb73ff000 DEOPT PACKING pc=0x000001fbbb4eacbb sp=0x000000487d8f6d10
Event: 2.185 Thread 0x000001fbb73ff000 DEOPT UNPACKING pc=0x000001fbbaf5a95e sp=0x000000487d8f61e0 mode 0
Event: 2.185 Thread 0x000001fbb73ff000 DEOPT PACKING pc=0x000001fbbb4eacbb sp=0x000000487d8f6d10
Event: 2.185 Thread 0x000001fbb73ff000 DEOPT UNPACKING pc=0x000001fbbaf5a95e sp=0x000000487d8f61e0 mode 0
Event: 2.186 Thread 0x000001fbb73ff000 DEOPT PACKING pc=0x000001fbbb4eacbb sp=0x000000487d8f6d10
Event: 2.186 Thread 0x000001fbb73ff000 DEOPT UNPACKING pc=0x000001fbbaf5a95e sp=0x000000487d8f61e0 mode 0
Event: 3.206 Thread 0x000001fbb73ff000 DEOPT PACKING pc=0x000001fbbb4dac9b sp=0x000000487d8fd830
Event: 3.206 Thread 0x000001fbb73ff000 DEOPT UNPACKING pc=0x000001fbbaf5a95e sp=0x000000487d8fcca0 mode 0
Event: 3.206 Thread 0x000001fbb73ff000 DEOPT PACKING pc=0x000001fbbb4e2e5b sp=0x000000487d8fd820
Event: 3.206 Thread 0x000001fbb73ff000 DEOPT UNPACKING pc=0x000001fbbaf5a95e sp=0x000000487d8fcc98 mode 0
Event: 3.207 Thread 0x000001fbb73ff000 DEOPT PACKING pc=0x000001fbbb4dac9b sp=0x000000487d8fd830
Event: 3.207 Thread 0x000001fbb73ff000 DEOPT UNPACKING pc=0x000001fbbaf5a95e sp=0x000000487d8fcca0 mode 0
Event: 3.207 Thread 0x000001fbb73ff000 DEOPT PACKING pc=0x000001fbbb4e2e5b sp=0x000000487d8fd820
Event: 3.207 Thread 0x000001fbb73ff000 DEOPT UNPACKING pc=0x000001fbbaf5a95e sp=0x000000487d8fcc98 mode 0
Event: 3.214 Thread 0x000001fbb73ff000 DEOPT PACKING pc=0x000001fbbb4e2e5b sp=0x000000487d8fd820
Event: 3.214 Thread 0x000001fbb73ff000 DEOPT UNPACKING pc=0x000001fbbaf5a95e sp=0x000000487d8fcc98 mode 0
Event: 3.214 Thread 0x000001fbb73ff000 DEOPT PACKING pc=0x000001fbbb4e2e5b sp=0x000000487d8fd820
Event: 3.214 Thread 0x000001fbb73ff000 DEOPT UNPACKING pc=0x000001fbbaf5a95e sp=0x000000487d8fcc98 mode 0

Classes redefined (0 events):
No events

Internal exceptions (3 events):
Event: 1.846 Thread 0x000001fbb73ff000 Exception <a 'java/lang/NoSuchMethodError'{0x00000000cc287938}: 'int java.lang.invoke.DirectMethodHandle$Holder.invokeSpecialIFC(java.lang.Object, java.lang.Object, int)'> (0x00000000cc287938) thrown at [./src/hotspot/share/interpreter/linkResolver.cpp, line 773]
Event: 2.217 Thread 0x000001fbb73ff000 Exception <a 'java/lang/NoSuchMethodError'{0x00000000cc00bfc8}: 'int java.lang.invoke.DirectMethodHandle$Holder.invokeStaticInit(java.lang.Object, java.lang.Object)'> (0x00000000cc00bfc8) thrown at [./src/hotspot/share/interpreter/linkResolver.cpp, line 773]
Event: 3.215 Thread 0x000001fbb73ff000 Exception <a 'java/lang/NoSuchMethodError'{0x00000000cc0d65a0}: 'int java.lang.invoke.DirectMethodHandle$Holder.invokeSpecial(java.lang.Object, java.lang.Object, java.lang.Object, java.lang.Object)'> (0x00000000cc0d65a0) thrown at [./src/hotspot/share/interpreter/linkResolver.cpp, line 773]

Events (20 events):
Event: 3.197 loading class org/gradle/internal/service/CachingServiceLocator
Event: 3.197 loading class org/gradle/internal/service/CachingServiceLocator done
Event: 3.207 loading class org/gradle/api/internal/classpath/DefaultModuleRegistry$DefaultModule
Event: 3.207 loading class org/gradle/api/internal/classpath/DefaultModuleRegistry$DefaultModule done
Event: 3.208 loading class java/util/Collections$SingletonSet
Event: 3.211 loading class java/util/Collections$SingletonSet done
Event: 3.211 loading class java/util/Collections$1
Event: 3.211 loading class java/util/Collections$1 done
Event: 3.215 loading class org/gradle/api/internal/classpath/DefaultModuleRegistry
Event: 3.215 loading class org/gradle/api/internal/classpath/DefaultModuleRegistry done
Event: 3.220 loading class java/lang/invoke/DirectMethodHandle$Constructor
Event: 3.220 loading class java/lang/invoke/DirectMethodHandle$Constructor done
Event: 3.221 loading class org/gradle/util/internal/GUtil
Event: 3.221 loading class org/gradle/util/internal/GUtil done
Event: 3.230 loading class org/gradle/api/Transformer
Event: 3.230 loading class org/gradle/api/Transformer done
Event: 3.232 loading class org/gradle/internal/IoActions
Event: 3.232 loading class org/gradle/internal/IoActions done
Event: 3.232 loading class org/gradle/api/Action
Event: 3.232 loading class org/gradle/api/Action done


Dynamic libraries:
0x00007ff638a40000 - 0x00007ff638a4a000 	C:\Program Files\Android\Android Studio1\jre\bin\java.exe
0x00007ffcf5550000 - 0x00007ffcf5747000 	C:\WINDOWS\SYSTEM32\ntdll.dll
0x00007ffcf5430000 - 0x00007ffcf54ed000 	C:\WINDOWS\System32\KERNEL32.DLL
0x00007ffcf32e0000 - 0x00007ffcf35ad000 	C:\WINDOWS\System32\KERNELBASE.dll
0x00007ffcf2d80000 - 0x00007ffcf2e80000 	C:\WINDOWS\System32\ucrtbase.dll
0x00007ffceb1f0000 - 0x00007ffceb209000 	C:\Program Files\Android\Android Studio1\jre\bin\jli.dll
0x00007ffcf4890000 - 0x00007ffcf4a30000 	C:\WINDOWS\System32\USER32.dll
0x00007ffcf3030000 - 0x00007ffcf3052000 	C:\WINDOWS\System32\win32u.dll
0x00007ffcf3ab0000 - 0x00007ffcf3ada000 	C:\WINDOWS\System32\GDI32.dll
0x00007ffcf2c70000 - 0x00007ffcf2d7b000 	C:\WINDOWS\System32\gdi32full.dll
0x00007ffcf3060000 - 0x00007ffcf30fd000 	C:\WINDOWS\System32\msvcp_win.dll
0x00007ffcea1d0000 - 0x00007ffcea1e7000 	C:\Program Files\Android\Android Studio1\jre\bin\VCRUNTIME140.dll
0x00007ffce00a0000 - 0x00007ffce033a000 	C:\WINDOWS\WinSxS\amd64_microsoft.windows.common-controls_6595b64144ccf1df_6.0.19041.1110_none_60b5254171f9507e\COMCTL32.dll
0x00007ffcf3760000 - 0x00007ffcf37fe000 	C:\WINDOWS\System32\msvcrt.dll
0x00007ffcf3c10000 - 0x00007ffcf3c40000 	C:\WINDOWS\System32\IMM32.DLL
0x00007ffcd05b0000 - 0x00007ffcd064d000 	C:\Program Files\Android\Android Studio1\jre\bin\msvcp140.dll
0x00007ffca5220000 - 0x00007ffca5d05000 	C:\Program Files\Android\Android Studio1\jre\bin\server\jvm.dll
0x00007ffcf52c0000 - 0x00007ffcf536e000 	C:\WINDOWS\System32\ADVAPI32.dll
0x00007ffcf5220000 - 0x00007ffcf52bc000 	C:\WINDOWS\System32\sechost.dll
0x00007ffcf3860000 - 0x00007ffcf3985000 	C:\WINDOWS\System32\RPCRT4.dll
0x00007ffcf3fa0000 - 0x00007ffcf3fa8000 	C:\WINDOWS\System32\PSAPI.DLL
0x00007ffcea100000 - 0x00007ffcea109000 	C:\WINDOWS\SYSTEM32\WSOCK32.dll
0x00007ffcf4b10000 - 0x00007ffcf4b7b000 	C:\WINDOWS\System32\WS2_32.dll
0x00007ffce9b20000 - 0x00007ffce9b47000 	C:\WINDOWS\SYSTEM32\WINMM.dll
0x00007ffce9b50000 - 0x00007ffce9b5a000 	C:\WINDOWS\SYSTEM32\VERSION.dll
0x00007ffcf0b70000 - 0x00007ffcf0b82000 	C:\WINDOWS\SYSTEM32\kernel.appcore.dll
0x00007ffcea0e0000 - 0x00007ffcea0f1000 	C:\Program Files\Android\Android Studio1\jre\bin\verify.dll
0x00007ffce0990000 - 0x00007ffce0b74000 	C:\WINDOWS\SYSTEM32\DBGHELP.DLL
0x00007ffce08a0000 - 0x00007ffce08cc000 	C:\WINDOWS\SYSTEM32\dbgcore.DLL
0x00007ffcf2ef0000 - 0x00007ffcf2f72000 	C:\WINDOWS\System32\bcryptPrimitives.dll
0x00007ffcea010000 - 0x00007ffcea039000 	C:\Program Files\Android\Android Studio1\jre\bin\java.dll
0x00007ffcea0d0000 - 0x00007ffcea0db000 	C:\Program Files\Android\Android Studio1\jre\bin\jimage.dll
0x00007ffcde000000 - 0x00007ffcde018000 	C:\Program Files\Android\Android Studio1\jre\bin\zip.dll
0x00007ffcf3fb0000 - 0x00007ffcf46f4000 	C:\WINDOWS\System32\SHELL32.dll
0x00007ffcf0d70000 - 0x00007ffcf1504000 	C:\WINDOWS\SYSTEM32\windows.storage.dll
0x00007ffcf3c40000 - 0x00007ffcf3f94000 	C:\WINDOWS\System32\combase.dll
0x00007ffcf2600000 - 0x00007ffcf262c000 	C:\WINDOWS\SYSTEM32\Wldp.dll
0x00007ffcf4b80000 - 0x00007ffcf4c2d000 	C:\WINDOWS\System32\SHCORE.dll
0x00007ffcf53d0000 - 0x00007ffcf5425000 	C:\WINDOWS\System32\shlwapi.dll
0x00007ffcf2bb0000 - 0x00007ffcf2bcf000 	C:\WINDOWS\SYSTEM32\profapi.dll
0x00007ffcddfe0000 - 0x00007ffcddffa000 	C:\Program Files\Android\Android Studio1\jre\bin\net.dll
0x00007ffce3720000 - 0x00007ffce382a000 	C:\WINDOWS\SYSTEM32\WINHTTP.dll
0x00007ffcf2360000 - 0x00007ffcf23ca000 	C:\WINDOWS\system32\mswsock.dll
0x00007ffcdb740000 - 0x00007ffcdb754000 	C:\Program Files\Android\Android Studio1\jre\bin\nio.dll

dbghelp: loaded successfully - version: 4.0.5 - missing functions: none
symbol engine: initialized successfully - sym options: 0x614 - pdb path: .;C:\Program Files\Android\Android Studio1\jre\bin;C:\WINDOWS\SYSTEM32;C:\WINDOWS\WinSxS\amd64_microsoft.windows.common-controls_6595b64144ccf1df_6.0.19041.1110_none_60b5254171f9507e;C:\Program Files\Android\Android Studio1\jre\bin\server

VM Arguments:
jvm_args: -Dorg.gradle.appname=gradlew 
java_command: org.gradle.wrapper.GradleWrapperMain -q -Ptarget-platform=android-arm64 -Ptarget=C:\src\awesome_app\lib\main.dart -Pbase-application-name=android.app.Application -Pdart-defines=RkxVVFRFUl9XRUJfQVVUT19ERVRFQ1Q9dHJ1ZQ== -Pdart-obfuscation=false -Ptrack-widget-creation=true -Ptree-shake-icons=false -Pfilesystem-scheme=org-dartlang-root assembleDebug
java_class_path (initial): C:\src\awesome_app\android\\gradle\wrapper\gradle-wrapper.jar
Launcher Type: SUN_STANDARD

[Global flags]
     intx CICompilerCount                          = 3                                         {product} {ergonomic}
     uint ConcGCThreads                            = 1                                         {product} {ergonomic}
     uint G1ConcRefinementThreads                  = 4                                         {product} {ergonomic}
   size_t G1HeapRegionSize                         = 1048576                                   {product} {ergonomic}
    uintx GCDrainStackTargetSize                   = 64                                        {product} {ergonomic}
   size_t InitialHeapSize                          = 58720256                                  {product} {ergonomic}
   size_t MarkStackSize                            = 4194304                                   {product} {ergonomic}
   size_t MaxHeapSize                              = 926941184                                 {product} {ergonomic}
   size_t MaxNewSize                               = 555745280                                 {product} {ergonomic}
   size_t MinHeapDeltaBytes                        = 1048576                                   {product} {ergonomic}
    uintx NonNMethodCodeHeapSize                   = 5830732                                {pd product} {ergonomic}
    uintx NonProfiledCodeHeapSize                  = 122913754                              {pd product} {ergonomic}
    uintx ProfiledCodeHeapSize                     = 122913754                              {pd product} {ergonomic}
    uintx ReservedCodeCacheSize                    = 251658240                              {pd product} {ergonomic}
     bool SegmentedCodeCache                       = true                                      {product} {ergonomic}
     bool UseCompressedClassPointers               = true                                 {lp64_product} {ergonomic}
     bool UseCompressedOops                        = true                                 {lp64_product} {ergonomic}
     bool UseG1GC                                  = true                                      {product} {ergonomic}
     bool UseLargePagesIndividualAllocation        = false                                  {pd product} {ergonomic}

Logging:
Log output configuration:
 #0: stdout all=warning uptime,level,tags
 #1: stderr all=off uptime,level,tags

Environment Variables:
JAVA_HOME=C:\Program Files\Android\Android Studio1\jre
CLASSPATH=C:\src\awesome_app\android\\gradle\wrapper\gradle-wrapper.jar
PATH=C:\Program Files\Microsoft\jdk-11.0.12.7-hotspot\bin;C:\Users\riyav\Downloads\VS code\python\Scripts\;C:\Users\riyav\Downloads\VS code\python\;C:\Program Files\Common Files\Oracle\Java\javapath;C:\Users\riyav\OneDrive\Desktop\NGO website\javascipt 2021;C:\Windows\System32\;C:\Program Files\Git\cmd;C:\Program Files\nodejs\;C:\Program Files\dotnet\;C:\Users\riyav\AppData\Local\Programs\Microsoft VS Code\bin;C:\Users\riyav\AppData\Roaming\Microsoft\Windows\Start Menu;C:\Users\riyav\OneDrive\Desktop;C:\MinGW\bin;C:\mingw-w64-v9.0.0;C:\MinGW\msys\1.0;C:\Users\riyav\AppData\Local\atom\bin;C:\src\flutter\bin;C:\Windows\System32\WindowsPowerShell\v1.0;C:\Users\riyav\AppData\Local\Pub\Cache\bin;C:\Users\riyav\Downloads;C:\Users\riyav\AppData\Roaming\npm;C:\Users\riyav\OneDrive\Documents\php;C:\src\flutter\bin\mingit\cmd
USERNAME=riyav
LANG=en_US.UTF-8
OS=Windows_NT
PROCESSOR_IDENTIFIER=AMD64 Family 23 Model 24 Stepping 1, AuthenticAMD



---------------  S Y S T E M  ---------------

OS: Windows 10 , 64 bit Build 19041 (10.0.19041.1741)
OS uptime: 2 days 1:33 hours

CPU:total 4 (initial active 4) (4 cores per cpu, 2 threads per core) family 23 model 24 stepping 1 microcode 0x0, cmov, cx8, fxsr, mmx, sse, sse2, sse3, ssse3, sse4.1, sse4.2, popcnt, avx, avx2, aes, clmul, mmxext, 3dnowpref, lzcnt, sse4a, ht, tsc, tscinvbit, tscinv, bmi1, bmi2, adx, sha, fma

Memory: 4k page, system-wide physical 3534M (174M free)
TotalPageFile size 14286M (AvailPageFile size 15M)
current process WorkingSet (physical memory assigned to process): 43M, peak: 43M
current process commit charge ("private bytes"): 124M, peak: 124M

vm_info: OpenJDK 64-Bit Server VM (11.0.12+7-b1504.28-7817840) for windows-amd64 JRE (11.0.12+7-b1504.28-7817840), built on Oct 13 2021 22:12:33 by "builder" with MS VC++ 14.0 (VS2015)

END.
